0 info it worked if it ends with ok
1 verbose cli [ '/Users/sandej07/.nvm/versions/node/v6.3.0/bin/node',
1 verbose cli   '/Users/sandej07/.nvm/versions/node/v6.3.0/bin/npm',
1 verbose cli   'run',
1 verbose cli   'monolithic' ]
2 info using npm@3.10.6
3 info using node@v6.3.0
4 verbose run-script [ 'premonolithic', 'monolithic', 'postmonolithic' ]
5 info lifecycle microservices-list-service@1.0.0~premonolithic: microservices-list-service@1.0.0
6 silly lifecycle microservices-list-service@1.0.0~premonolithic: no script for premonolithic, continuing
7 info lifecycle microservices-list-service@1.0.0~monolithic: microservices-list-service@1.0.0
8 verbose lifecycle microservices-list-service@1.0.0~monolithic: unsafe-perm in lifecycle true
9 verbose lifecycle microservices-list-service@1.0.0~monolithic: PATH: /Users/sandej07/.nvm/versions/node/v6.3.0/lib/node_modules/npm/bin/node-gyp-bin:/Users/sandej07/workspace/microservices-list-service/node_modules/.bin:/opt/local/bin:/opt/local/sbin:/Library/Frameworks/Python.framework/Versions/3.4/bin:/Users/sandej07/.nvm/versions/node/v6.3.0/bin:~/bin:~/.local/bin:/usr/local/bin:/Users/sandej07/workspace/bin:/usr/local/opt/go/libexec/bin:/Users/sandej07/.rbenv/shims:/usr/local/bin:/usr/bin:/bin:/usr/sbin:/sbin
10 verbose lifecycle microservices-list-service@1.0.0~monolithic: CWD: /Users/sandej07/workspace/microservices-list-service
11 silly lifecycle microservices-list-service@1.0.0~monolithic: Args: [ '-c', 'node_modules/bin/nodemon bin/monolithic-process' ]
12 info lifecycle microservices-list-service@1.0.0~monolithic: Failed to exec monolithic script
13 verbose stack Error: microservices-list-service@1.0.0 monolithic: `node_modules/bin/nodemon bin/monolithic-process`
13 verbose stack spawn ENOENT
13 verbose stack     at ChildProcess.<anonymous> (/Users/sandej07/.nvm/versions/node/v6.3.0/lib/node_modules/npm/lib/utils/spawn.js:33:16)
13 verbose stack     at emitTwo (events.js:106:13)
13 verbose stack     at ChildProcess.emit (events.js:191:7)
13 verbose stack     at maybeClose (internal/child_process.js:852:16)
13 verbose stack     at Process.ChildProcess._handle.onexit (internal/child_process.js:215:5)
14 verbose pkgid microservices-list-service@1.0.0
15 verbose cwd /Users/sandej07/workspace/microservices-list-service
16 error Darwin 15.5.0
17 error argv "/Users/sandej07/.nvm/versions/node/v6.3.0/bin/node" "/Users/sandej07/.nvm/versions/node/v6.3.0/bin/npm" "run" "monolithic"
18 error node v6.3.0
19 error npm  v3.10.6
20 error file sh
21 error code ELIFECYCLE
22 error errno ENOENT
23 error syscall spawn
24 error microservices-list-service@1.0.0 monolithic: `node_modules/bin/nodemon bin/monolithic-process`
24 error spawn ENOENT
25 error Failed at the microservices-list-service@1.0.0 monolithic script 'node_modules/bin/nodemon bin/monolithic-process'.
25 error Make sure you have the latest version of node.js and npm installed.
25 error If you do, this is most likely a problem with the microservices-list-service package,
25 error not with npm itself.
25 error Tell the author that this fails on your system:
25 error     node_modules/bin/nodemon bin/monolithic-process
25 error You can get information on how to open an issue for this project with:
25 error     npm bugs microservices-list-service
25 error Or if that isn't available, you can get their info via:
25 error     npm owner ls microservices-list-service
25 error There is likely additional logging output above.
26 verbose exit [ 1, true ]
